<?xml version="1.0" encoding="UTF-8"?>
<!-- Generated by org.testng.reporters.JUnitReportReporter -->
<testsuite hostname="DESKTOP-6EBSEMA" failures="0" tests="1" name="test.Project1.Amazon.Maven.Amaz_TC11_CheckOut_Process_P1" time="49.435" errors="0" timestamp="2024-05-28T13:59:53 EDT" skipped="0">
  <testcase classname="test.Project1.Amazon.Maven.Amaz_TC11_CheckOut_Process_P1" name="amaz_checkout" time="49.435"/>
  <system-out/>
</testsuite> <!-- test.Project1.Amazon.Maven.Amaz_TC11_CheckOut_Process_P1 -->
