<?xml version="1.0" encoding="UTF-8"?>
<!-- Generated by org.testng.reporters.JUnitReportReporter -->
<testsuite hostname="DESKTOP-6EBSEMA" failures="0" tests="1" name="test.Project1.Amazon.Maven.Amaz_TC1_Registration_P1" time="10.482" errors="0" timestamp="2024-05-28T13:54:01 EDT" skipped="0">
  <testcase classname="test.Project1.Amazon.Maven.Amaz_TC1_Registration_P1" name="Amaz_Registration" time="10.482"/>
  <system-out/>
</testsuite> <!-- test.Project1.Amazon.Maven.Amaz_TC1_Registration_P1 -->
