<?xml version="1.0" encoding="UTF-8"?>
<!-- Generated by org.testng.reporters.JUnitReportReporter -->
<testsuite hostname="DESKTOP-6EBSEMA" failures="0" tests="1" name="assertion.ScrollDown_Up_Program" time="11.126" errors="0" timestamp="2024-06-24T05:26:47 EDT" skipped="0">
  <testcase classname="assertion.ScrollDown_Up_Program" name="scrollUpDown" time="11.126"/>
  <system-out/>
</testsuite> <!-- assertion.ScrollDown_Up_Program -->
