<?xml version="1.0" encoding="UTF-8"?>
<!-- Generated by org.testng.reporters.JUnitReportReporter -->
<testsuite hostname="DESKTOP-6EBSEMA" failures="0" tests="1" name="test.Project2.SpiceJet.Maven.SpJet_TC8_Additional_seat_food_Beverages_Info_P2" time="76.875" errors="0" timestamp="2024-06-05T19:54:57 EDT" skipped="0">
  <testcase classname="test.Project2.SpiceJet.Maven.SpJet_TC8_Additional_seat_food_Beverages_Info_P2" name="SpJet_Class_Search" time="76.875"/>
  <system-out/>
</testsuite> <!-- test.Project2.SpiceJet.Maven.SpJet_TC8_Additional_seat_food_Beverages_Info_P2 -->
