<?xml version="1.0" encoding="UTF-8"?>
<!-- Generated by org.testng.reporters.JUnitReportReporter -->
<testsuite hostname="DESKTOP-6EBSEMA" failures="0" tests="1" name="testNGPrograms.TestCase1" time="11.601" errors="0" timestamp="2024-05-12T20:35:35 EDT" skipped="0">
  <testcase classname="testNGPrograms.TestCase1" name="FaceBook_Registration" time="11.601">
    <system-out>
      <![CDATA[Searched Sucessfully]]>
    </system-out>
  </testcase> <!-- FaceBook_Registration -->
  <system-out>
    <![CDATA[Searched Sucessfully]]>
  </system-out>
</testsuite> <!-- testNGPrograms.TestCase1 -->
