<?xml version="1.0" encoding="UTF-8"?>
<!-- Generated by org.testng.reporters.JUnitReportReporter -->
<testsuite hostname="DESKTOP-6EBSEMA" failures="0" tests="1" name="testNGPrograms.Case4" time="0.014" errors="0" timestamp="2024-05-05T07:09:36 EDT" skipped="0">
  <testcase classname="testNGPrograms.Case4" name="testmain" time="0.014"/>
</testsuite> <!-- testNGPrograms.Case4 -->
