<?xml version="1.0" encoding="UTF-8"?>
<!-- Generated by org.testng.reporters.JUnitReportReporter -->
<testsuite hostname="DESKTOP-6EBSEMA" failures="0" tests="1" name="test.facebook.Login_To_FB" time="4.346" errors="0" timestamp="2024-05-15T13:30:16 EDT" skipped="0">
  <testcase classname="test.facebook.Login_To_FB" name="loginToFacebook" time="4.346"/>
</testsuite> <!-- test.facebook.Login_To_FB -->
