<?xml version="1.0" encoding="UTF-8"?>
<!-- Generated by org.testng.reporters.JUnitReportReporter -->
<testsuite hostname="DESKTOP-6EBSEMA" failures="0" tests="4" name="assertion.DataProviderProgram2" time="25.554" errors="0" timestamp="2024-05-12T19:50:26 EDT" skipped="0">
  <testcase classname="assertion.DataProviderProgram2" name="result" time="5.542"/>
  <testcase classname="assertion.DataProviderProgram2" name="result" time="6.186"/>
  <testcase classname="assertion.DataProviderProgram2" name="result" time="6.578"/>
  <testcase classname="assertion.DataProviderProgram2" name="result" time="7.248"/>
</testsuite> <!-- assertion.DataProviderProgram2 -->
