<?xml version="1.0" encoding="UTF-8"?>
<!-- Generated by org.testng.reporters.JUnitReportReporter -->
<testsuite hostname="DESKTOP-6EBSEMA" failures="0" tests="1" name="test.Project2.SpiceJet.Maven.SpJet_TC10_Baggage_Cancel_Info_P2" time="44.408" errors="0" timestamp="2024-06-03T22:52:31 EDT" skipped="0">
  <testcase classname="test.Project2.SpiceJet.Maven.SpJet_TC10_Baggage_Cancel_Info_P2" name="SpJet_Baggage_Cancellation" time="44.408"/>
  <system-out/>
</testsuite> <!-- test.Project2.SpiceJet.Maven.SpJet_TC10_Baggage_Cancel_Info_P2 -->
