<?xml version="1.0" encoding="UTF-8"?>
<!-- Generated by org.testng.reporters.JUnitReportReporter -->
<testsuite hostname="DESKTOP-6EBSEMA" failures="0" tests="1" name="testNGPrograms.CrossBrowserPrograms$gtm_DragandDrop" time="6.752" errors="0" timestamp="2024-05-06T19:39:16 EDT" skipped="0">
  <testcase classname="testNGPrograms.CrossBrowserPrograms$gtm_DragandDrop" name="gtm_DragandDrop1" time="6.752"/>
</testsuite> <!-- testNGPrograms.CrossBrowserPrograms$gtm_DragandDrop -->
