<?xml version="1.0" encoding="UTF-8"?>
<!-- Generated by org.testng.reporters.JUnitReportReporter -->
<testsuite hostname="DESKTOP-6EBSEMA" failures="0" tests="1" name="test.Project2.SpiceJet.Maven.SpiceJet_TC3_FailureLogin_P2" time="17.410" errors="0" timestamp="2024-06-03T16:12:18 EDT" skipped="0">
  <testcase classname="test.Project2.SpiceJet.Maven.SpiceJet_TC3_FailureLogin_P2" name="SpJet_FailureLogin" time="17.410"/>
  <system-out/>
</testsuite> <!-- test.Project2.SpiceJet.Maven.SpiceJet_TC3_FailureLogin_P2 -->
