<?xml version="1.0" encoding="UTF-8"?>
<!-- Generated by org.testng.reporters.JUnitReportReporter -->
<testsuite hostname="DESKTOP-6EBSEMA" failures="0" tests="1" name="test.Project2.AirIndia.Maven.AirIndia_TC3_Failure_Login_P3" time="22.420" errors="0" timestamp="2024-05-29T09:35:07 EDT" skipped="0">
  <testcase classname="test.Project2.AirIndia.Maven.AirIndia_TC3_Failure_Login_P3" name="FailureLogin" time="22.420"/>
  <system-out/>
</testsuite> <!-- test.Project2.AirIndia.Maven.AirIndia_TC3_Failure_Login_P3 -->
