<?xml version="1.0" encoding="UTF-8"?>
<!-- Generated by org.testng.reporters.JUnitReportReporter -->
<testsuite hostname="DESKTOP-6EBSEMA" failures="0" tests="1" name="test.Project2.SpiceJet.Maven.SpJet_TC11_Contact_Info_P2" time="64.385" errors="0" timestamp="2024-07-11T06:16:23 EDT" skipped="0">
  <testcase classname="test.Project2.SpiceJet.Maven.SpJet_TC11_Contact_Info_P2" name="SpJet_Contact_Info" time="64.385"/>
  <system-out/>
</testsuite> <!-- test.Project2.SpiceJet.Maven.SpJet_TC11_Contact_Info_P2 -->
