<?xml version="1.0" encoding="UTF-8"?>
<!-- Generated by org.testng.reporters.JUnitReportReporter -->
<testsuite hostname="DESKTOP-6EBSEMA" failures="0" tests="2" name="chooseBrowser.CrossBrowserProgram" time="10.770" errors="0" timestamp="2024-06-10T15:46:21 EDT" skipped="0">
  <testcase classname="chooseBrowser.CrossBrowserProgram" name="common" time="3.684"/>
  <system-out/>
  <testcase classname="chooseBrowser.CrossBrowserProgram" name="launch_browser" time="7.086"/>
  <system-out/>
</testsuite> <!-- chooseBrowser.CrossBrowserProgram -->
