<?xml version="1.0" encoding="UTF-8"?>
<!-- Generated by org.testng.reporters.JUnitReportReporter -->
<testsuite hostname="DESKTOP-6EBSEMA" failures="0" tests="1" name="testNGPrograms.Case3" time="0.008" errors="0" timestamp="2024-05-05T07:07:45 EDT" skipped="0">
  <testcase classname="testNGPrograms.Case3" name="testmain" time="0.008"/>
</testsuite> <!-- testNGPrograms.Case3 -->
