<?xml version="1.0" encoding="UTF-8"?>
<!-- Generated by org.testng.reporters.JUnitReportReporter -->
<testsuite hostname="DESKTOP-6EBSEMA" failures="0" tests="1" name="test.Project2.SpiceJet.Maven.SpiceJet_TC4_OneWay_Search_P2" time="40.153" errors="0" timestamp="2024-06-03T16:16:46 EDT" skipped="0">
  <testcase classname="test.Project2.SpiceJet.Maven.SpiceJet_TC4_OneWay_Search_P2" name="SpJet_OneWay_Search" time="40.153"/>
  <system-out/>
</testsuite> <!-- test.Project2.SpiceJet.Maven.SpiceJet_TC4_OneWay_Search_P2 -->
