<?xml version="1.0" encoding="UTF-8"?>
<!-- Generated by org.testng.reporters.JUnitReportReporter -->
<testsuite hostname="DESKTOP-6EBSEMA" failures="0" tests="1" name="chooseBrowser.ChooseBrowser_launch" time="2.206" errors="0" timestamp="2024-05-13T20:02:55 EDT" skipped="0">
  <testcase classname="chooseBrowser.ChooseBrowser_launch" name="common" time="2.206"/>
</testsuite> <!-- chooseBrowser.ChooseBrowser_launch -->
