<?xml version="1.0" encoding="UTF-8"?>
<!-- Generated by org.testng.reporters.JUnitReportReporter -->
<testsuite hostname="DESKTOP-6EBSEMA" failures="0" tests="3" name="testNGPrograms.Class7" time="0.023" errors="0" timestamp="2024-05-05T07:13:28 EDT" skipped="0">
  <testcase classname="testNGPrograms.Class7" name="testmain3" time="0.004"/>
  <testcase classname="testNGPrograms.Class7" name="testmain2" time="0.003"/>
  <testcase classname="testNGPrograms.Class7" name="testmain1" time="0.016"/>
</testsuite> <!-- testNGPrograms.Class7 -->
