<?xml version="1.0" encoding="UTF-8"?>
<!-- Generated by org.testng.reporters.JUnitReportReporter -->
<testsuite hostname="DESKTOP-6EBSEMA" failures="0" tests="1" name="assertion.Assertion_3MethodsToAchieve" time="5.188" errors="0" timestamp="2024-05-11T16:38:11 EDT" skipped="0">
  <testcase classname="assertion.Assertion_3MethodsToAchieve" name="login" time="5.188"/>
</testsuite> <!-- assertion.Assertion_3MethodsToAchieve -->
