<?xml version="1.0" encoding="UTF-8"?>
<!-- Generated by org.testng.reporters.JUnitReportReporter -->
<testsuite hostname="DESKTOP-6EBSEMA" failures="0" tests="1" name="testNGPrograms.Nine_Annotations" time="0.012" errors="0" timestamp="2024-05-05T07:05:22 EDT" skipped="0">
  <testcase classname="testNGPrograms.Nine_Annotations" name="testmain" time="0.012"/>
</testsuite> <!-- testNGPrograms.Nine_Annotations -->
