<?xml version="1.0" encoding="UTF-8"?>
<!-- Generated by org.testng.reporters.JUnitReportReporter -->
<testsuite hostname="DESKTOP-6EBSEMA" failures="0" tests="1" name="testNGPrograms.CrossBrowserPrograms$gtm_Registration" time="4.861" errors="0" timestamp="2024-05-06T19:39:16 EDT" skipped="0">
  <testcase classname="testNGPrograms.CrossBrowserPrograms$gtm_Registration" name="gtm_Registration1" time="4.861"/>
</testsuite> <!-- testNGPrograms.CrossBrowserPrograms$gtm_Registration -->
