<?xml version="1.0" encoding="UTF-8"?>
<!-- Generated by org.testng.reporters.JUnitReportReporter -->
<testsuite hostname="DESKTOP-6EBSEMA" failures="0" tests="1" name="test.Project2.AirIndia.Maven.AirIndia_TC7_Multicity_Search_P2" time="51.327" errors="0" timestamp="2024-07-12T14:53:31 EDT" skipped="0">
  <testcase classname="test.Project2.AirIndia.Maven.AirIndia_TC7_Multicity_Search_P2" name="AirIdia_MultiCity_Search" time="51.327"/>
  <system-out/>
</testsuite> <!-- test.Project2.AirIndia.Maven.AirIndia_TC7_Multicity_Search_P2 -->
