<?xml version="1.0" encoding="UTF-8"?>
<!-- Generated by org.testng.reporters.JUnitReportReporter -->
<testsuite hostname="DESKTOP-6EBSEMA" failures="0" tests="1" name="test.Amazon.TestCase2_Login_Sort_Logout" time="33.307" errors="0" timestamp="2024-05-16T23:39:48 EDT" skipped="0">
  <testcase classname="test.Amazon.TestCase2_Login_Sort_Logout" name="amazon_login_sort_logout" time="33.307"/>
  <system-out/>
</testsuite> <!-- test.Amazon.TestCase2_Login_Sort_Logout -->
