<?xml version="1.0" encoding="UTF-8"?>
<!-- Generated by org.testng.reporters.JUnitReportReporter -->
<testsuite hostname="DESKTOP-6EBSEMA" failures="0" tests="2" name="testNGPrograms.TwoTestCasesTogether" time="29.853" errors="0" timestamp="2024-06-24T05:17:18 EDT" skipped="0">
  <testcase classname="testNGPrograms.TwoTestCasesTogether" name="testCase2" time="15.184"/>
  <system-out/>
  <testcase classname="testNGPrograms.TwoTestCasesTogether" name="testCase1" time="14.669"/>
  <system-out/>
</testsuite> <!-- testNGPrograms.TwoTestCasesTogether -->
