<?xml version="1.0" encoding="UTF-8"?>
<!-- Generated by org.testng.reporters.JUnitReportReporter -->
<testsuite hostname="DESKTOP-6EBSEMA" failures="0" tests="1" name="test.Project1.Amazon.Maven.Amaz_TC10_Update_Remove_Items_Cart_P1" time="39.274" errors="0" timestamp="2024-06-05T22:59:51 EDT" skipped="0">
  <testcase classname="test.Project1.Amazon.Maven.Amaz_TC10_Update_Remove_Items_Cart_P1" name="amaz_search" time="39.274"/>
  <system-out/>
</testsuite> <!-- test.Project1.Amazon.Maven.Amaz_TC10_Update_Remove_Items_Cart_P1 -->
