<?xml version="1.0" encoding="UTF-8"?>
<!-- Generated by org.testng.reporters.JUnitReportReporter -->
<testsuite hostname="DESKTOP-6EBSEMA" failures="0" tests="1" name="testNGPrograms.Flipkart_Exam" time="25.705" errors="0" timestamp="2024-06-10T23:19:39 EDT" skipped="0">
  <testcase classname="testNGPrograms.Flipkart_Exam" name="testCase1" time="25.705"/>
  <system-out/>
</testsuite> <!-- testNGPrograms.Flipkart_Exam -->
