<?xml version="1.0" encoding="UTF-8"?>
<!-- Generated by org.testng.reporters.JUnitReportReporter -->
<testsuite hostname="DESKTOP-6EBSEMA" failures="0" tests="1" name="test.Project2.AirIndia.Maven.AirIndia_TC1_SignUp_P2" time="13.043" errors="0" timestamp="2024-06-01T16:20:48 EDT" skipped="0">
  <testcase classname="test.Project2.AirIndia.Maven.AirIndia_TC1_SignUp_P2" name="AirIndia_register" time="13.043"/>
  <system-out/>
</testsuite> <!-- test.Project2.AirIndia.Maven.AirIndia_TC1_SignUp_P2 -->
