<?xml version="1.0" encoding="UTF-8"?>
<!-- Generated by org.testng.reporters.JUnitReportReporter -->
<testsuite hostname="DESKTOP-6EBSEMA" failures="0" tests="1" name="testNGPrograms.CrossBrowserPrograms$HTML_Page" time="3.087" errors="0" timestamp="2024-05-06T19:39:16 EDT" skipped="0">
  <testcase classname="testNGPrograms.CrossBrowserPrograms$HTML_Page" name="HTML_Page1" time="3.087"/>
</testsuite> <!-- testNGPrograms.CrossBrowserPrograms$HTML_Page -->
