<?xml version="1.0" encoding="UTF-8"?>
<!-- Generated by org.testng.reporters.JUnitReportReporter -->
<testsuite hostname="DESKTOP-6EBSEMA" failures="0" tests="1" name="test.Project2.SpiceJet.Maven.LaunchQuit_P2_SpiceJet" time="9.089" errors="0" timestamp="2024-05-27T18:30:31 EDT" skipped="0">
  <testcase classname="test.Project2.SpiceJet.Maven.LaunchQuit_P2_SpiceJet" name="launch_Quit_P2" time="9.089"/>
  <system-out/>
</testsuite> <!-- test.Project2.SpiceJet.Maven.LaunchQuit_P2_SpiceJet -->
