<?xml version="1.0" encoding="UTF-8"?>
<!-- Generated by org.testng.reporters.JUnitReportReporter -->
<testsuite hostname="DESKTOP-6EBSEMA" failures="0" tests="2" name="testNGPrograms.Case5" time="0.059" errors="0" timestamp="2024-05-02T22:11:17 EDT" skipped="0">
  <testcase classname="testNGPrograms.Case5" name="testcase2" time="0.003"/>
  <testcase classname="testNGPrograms.Case5" name="testcase1" time="0.056"/>
</testsuite> <!-- testNGPrograms.Case5 -->
