<?xml version="1.0" encoding="UTF-8"?>
<!-- Generated by org.testng.reporters.JUnitReportReporter -->
<testsuite hostname="DESKTOP-6EBSEMA" failures="0" tests="3" name="testNGPrograms.ManyClassesProgram" time="0.015" errors="0" timestamp="2024-06-10T17:00:45 EDT" skipped="0">
  <testcase classname="testNGPrograms.ManyClassesProgram" name="testcase3" time="0.001"/>
  <system-out/>
  <testcase classname="testNGPrograms.ManyClassesProgram" name="testcase2" time="0.002"/>
  <system-out/>
  <testcase classname="testNGPrograms.ManyClassesProgram" name="testcase1" time="0.012"/>
  <system-out/>
</testsuite> <!-- testNGPrograms.ManyClassesProgram -->
