<?xml version="1.0" encoding="UTF-8"?>
<!-- Generated by org.testng.reporters.JUnitReportReporter -->
<testsuite hostname="DESKTOP-6EBSEMA" failures="0" tests="1" name="test.Project1.Amazon.Maven.Amaz_TC3_LoginFail_P1" time="27.305" errors="0" timestamp="2024-06-09T15:45:02 EDT" skipped="0">
  <testcase classname="test.Project1.Amazon.Maven.Amaz_TC3_LoginFail_P1" name="Amaz_Success_Login" time="27.305"/>
  <system-out/>
</testsuite> <!-- test.Project1.Amazon.Maven.Amaz_TC3_LoginFail_P1 -->
