<?xml version="1.0" encoding="UTF-8"?>
<!-- Generated by org.testng.reporters.JUnitReportReporter -->
<testsuite hostname="DESKTOP-6EBSEMA" failures="0" tests="1" name="testNGPrograms.CrossBrowserPrograms" time="7.786" errors="0" timestamp="2024-05-06T19:39:16 EDT" skipped="0">
  <testcase classname="testNGPrograms.CrossBrowserPrograms" name="launch_browser" time="7.786"/>
</testsuite> <!-- testNGPrograms.CrossBrowserPrograms -->
