<?xml version="1.0" encoding="UTF-8"?>
<!-- Generated by org.testng.reporters.JUnitReportReporter -->
<testsuite hostname="DESKTOP-6EBSEMA" failures="0" tests="1" name="test.Project1.Amazon.Maven.Amaz_TC9_AddToCart_P1" time="29.114" errors="0" timestamp="2024-05-28T12:47:12 EDT" skipped="0">
  <testcase classname="test.Project1.Amazon.Maven.Amaz_TC9_AddToCart_P1" name="add_To_Cart" time="29.114"/>
  <system-out/>
</testsuite> <!-- test.Project1.Amazon.Maven.Amaz_TC9_AddToCart_P1 -->
