<?xml version="1.0" encoding="UTF-8"?>
<!-- Generated by org.testng.reporters.JUnitReportReporter -->
<testsuite hostname="DESKTOP-6EBSEMA" failures="0" tests="1" name="test.Project2.SpiceJet.Maven.SpiceJet_TC2_SuccessLogin_P2" time="13.357" errors="0" timestamp="2024-06-03T16:10:50 EDT" skipped="0">
  <testcase classname="test.Project2.SpiceJet.Maven.SpiceJet_TC2_SuccessLogin_P2" name="SpJet_SuccessLgin" time="13.357"/>
  <system-out/>
</testsuite> <!-- test.Project2.SpiceJet.Maven.SpiceJet_TC2_SuccessLogin_P2 -->
