<?xml version="1.0" encoding="UTF-8"?>
<!-- Generated by org.testng.reporters.JUnitReportReporter -->
<testsuite hostname="DESKTOP-6EBSEMA" failures="0" tests="2" name="crossBrowser.CrossBrowser_TC1" time="20.219" errors="0" timestamp="2024-05-06T21:42:10 EDT" skipped="0">
  <testcase classname="crossBrowser.CrossBrowser_TC1" name="HTML_Page111" time="11.397"/>
  <testcase classname="crossBrowser.CrossBrowser_TC1" name="HTML_Page111" time="8.822"/>
</testsuite> <!-- crossBrowser.CrossBrowser_TC1 -->
