<?xml version="1.0" encoding="UTF-8"?>
<!-- Generated by org.testng.reporters.JUnitReportReporter -->
<testsuite hostname="DESKTOP-6EBSEMA" failures="0" tests="1" name="test.Project2.SpiceJet.Maven.SpiceJet_TC5_RoundTrip_Search_P2" time="52.579" errors="0" timestamp="2024-06-03T17:20:00 EDT" skipped="0">
  <testcase classname="test.Project2.SpiceJet.Maven.SpiceJet_TC5_RoundTrip_Search_P2" name="SpJet_RoundTrip_Search" time="52.579"/>
  <system-out/>
</testsuite> <!-- test.Project2.SpiceJet.Maven.SpiceJet_TC5_RoundTrip_Search_P2 -->
