<?xml version="1.0" encoding="UTF-8"?>
<!-- Generated by org.testng.reporters.JUnitReportReporter -->
<testsuite hostname="DESKTOP-6EBSEMA" failures="0" tests="3" name="MavenPackage.MavenProjects.Launch" time="0.031" errors="0" timestamp="2024-05-01T21:22:54 EDT" skipped="0">
  <testcase classname="MavenPackage.MavenProjects.Launch" name="arm" time="0.015"/>
  <testcase classname="MavenPackage.MavenProjects.Launch" name="logout" time="0.006"/>
  <testcase classname="MavenPackage.MavenProjects.Launch" name="login" time="0.010"/>
</testsuite> <!-- MavenPackage.MavenProjects.Launch -->
