<?xml version="1.0" encoding="UTF-8"?>
<!-- Generated by org.testng.reporters.JUnitReportReporter -->
<testsuite hostname="DESKTOP-6EBSEMA" failures="0" tests="7" name="testNGPrograms.TestCase3" time="3.768" errors="0" timestamp="2024-05-05T06:32:53 EDT" skipped="0">
  <testcase classname="testNGPrograms.TestCase3" name="first" time="0.002"/>
  <testcase classname="testNGPrograms.TestCase3" name="first" time="0.002"/>
  <testcase classname="testNGPrograms.TestCase3" name="first" time="0.013"/>
  <testcase classname="testNGPrograms.TestCase3" name="first" time="0.002"/>
  <testcase classname="testNGPrograms.TestCase3" name="first" time="0.003"/>
  <testcase classname="testNGPrograms.TestCase3" name="logout" time="3.742"/>
  <testcase classname="testNGPrograms.TestCase3" name="login" time="0.004"/>
</testsuite> <!-- testNGPrograms.TestCase3 -->
