<?xml version="1.0" encoding="UTF-8"?>
<!-- Generated by org.testng.reporters.JUnitReportReporter -->
<testsuite hostname="DESKTOP-6EBSEMA" failures="0" tests="1" name="test.Project2.AirIndia.Maven.AirIndia_TC2_Success_Login_P2" time="22.622" errors="0" timestamp="2024-05-29T09:36:17 EDT" skipped="0">
  <testcase classname="test.Project2.AirIndia.Maven.AirIndia_TC2_Success_Login_P2" name="AirIdia_SuccessLogin" time="22.622"/>
  <system-out/>
</testsuite> <!-- test.Project2.AirIndia.Maven.AirIndia_TC2_Success_Login_P2 -->
