<?xml version="1.0" encoding="UTF-8"?>
<!-- Generated by org.testng.reporters.JUnitReportReporter -->
<testsuite hostname="DESKTOP-6EBSEMA" failures="0" tests="1" name="test.Project2.SpiceJet.Maven.SpJet_TC12_Login_Search_Logout_P2" time="39.532" errors="0" timestamp="2024-06-04T01:21:37 EDT" skipped="0">
  <testcase classname="test.Project2.SpiceJet.Maven.SpJet_TC12_Login_Search_Logout_P2" name="SpJet_OneWay_Search" time="39.532"/>
  <system-out/>
</testsuite> <!-- test.Project2.SpiceJet.Maven.SpJet_TC12_Login_Search_Logout_P2 -->
