<?xml version="1.0" encoding="UTF-8"?>
<!-- Generated by org.testng.reporters.JUnitReportReporter -->
<testsuite hostname="DESKTOP-6EBSEMA" failures="0" tests="1" name="test.Project1.Amazon.Maven.Amaz_TC8_Sort_Prod_Page_P1" time="22.358" errors="0" timestamp="2024-06-03T15:35:08 EDT" skipped="0">
  <testcase classname="test.Project1.Amazon.Maven.Amaz_TC8_Sort_Prod_Page_P1" name="amaz_search" time="22.358"/>
  <system-out/>
</testsuite> <!-- test.Project1.Amazon.Maven.Amaz_TC8_Sort_Prod_Page_P1 -->
