<?xml version="1.0" encoding="UTF-8"?>
<!-- Generated by org.testng.reporters.JUnitReportReporter -->
<testsuite hostname="DESKTOP-6EBSEMA" failures="0" tests="1" name="test.Project1.Amazon.Maven.Amaz_TC15_WithoutLogin_Cart_P1" time="21.196" errors="0" timestamp="2024-05-28T16:47:49 EDT" skipped="0">
  <testcase classname="test.Project1.Amazon.Maven.Amaz_TC15_WithoutLogin_Cart_P1" name="amaz_search" time="21.196"/>
  <system-out/>
</testsuite> <!-- test.Project1.Amazon.Maven.Amaz_TC15_WithoutLogin_Cart_P1 -->
