<?xml version="1.0" encoding="UTF-8"?>
<!-- Generated by org.testng.reporters.JUnitReportReporter -->
<testsuite hostname="DESKTOP-6EBSEMA" failures="0" tests="1" name="test.Project2.SpiceJet.Maven.SpJet_TC9_Multple_Passengers_P2" time="52.968" errors="0" timestamp="2024-06-04T14:54:47 EDT" skipped="0">
  <testcase classname="test.Project2.SpiceJet.Maven.SpJet_TC9_Multple_Passengers_P2" name="SpJet_multiple_passenger" time="52.968"/>
  <system-out/>
</testsuite> <!-- test.Project2.SpiceJet.Maven.SpJet_TC9_Multple_Passengers_P2 -->
