<?xml version="1.0" encoding="UTF-8"?>
<!-- Generated by org.testng.reporters.JUnitReportReporter -->
<testsuite hostname="DESKTOP-6EBSEMA" failures="0" tests="1" name="test.Project2.AirIndia.Maven.AirIndia_TC5_RoundTrip_P5" time="157.706" errors="0" timestamp="2024-05-29T19:11:59 EDT" skipped="0">
  <testcase classname="test.Project2.AirIndia.Maven.AirIndia_TC5_RoundTrip_P5" name="AirIdia_RoundTripFights" time="157.706"/>
  <system-out/>
</testsuite> <!-- test.Project2.AirIndia.Maven.AirIndia_TC5_RoundTrip_P5 -->
