<?xml version="1.0" encoding="UTF-8"?>
<!-- Generated by org.testng.reporters.JUnitReportReporter -->
<testsuite hostname="DESKTOP-6EBSEMA" failures="0" tests="11" name="testNGPrograms.TestCase2" time="0.055" errors="0" timestamp="2024-05-05T06:31:01 EDT" skipped="0">
  <testcase classname="testNGPrograms.TestCase2" name="method1" time="0.013"/>
  <testcase classname="testNGPrograms.TestCase2" name="method1" time="0.007"/>
  <testcase classname="testNGPrograms.TestCase2" name="method1" time="0.001"/>
  <testcase classname="testNGPrograms.TestCase2" name="method1" time="0.001"/>
  <testcase classname="testNGPrograms.TestCase2" name="method1" time="0.002"/>
  <testcase classname="testNGPrograms.TestCase2" name="method1" time="0.008"/>
  <testcase classname="testNGPrograms.TestCase2" name="method1" time="0.005"/>
  <testcase classname="testNGPrograms.TestCase2" name="method1" time="0.006"/>
  <testcase classname="testNGPrograms.TestCase2" name="method1" time="0.008"/>
  <testcase classname="testNGPrograms.TestCase2" name="method2" time="0.002"/>
  <testcase classname="testNGPrograms.TestCase2" name="method1" time="0.002"/>
</testsuite> <!-- testNGPrograms.TestCase2 -->
