<?xml version="1.0" encoding="UTF-8"?>
<!-- Generated by org.testng.reporters.JUnitReportReporter -->
<testsuite hostname="DESKTOP-6EBSEMA" failures="0" tests="1" name="assertion.ComparePricesInAmazon" time="23.523" errors="0" timestamp="2024-05-12T19:41:06 EDT" skipped="0">
  <testcase classname="assertion.ComparePricesInAmazon" name="pricesTC" time="23.523"/>
</testsuite> <!-- assertion.ComparePricesInAmazon -->
