<?xml version="1.0" encoding="UTF-8"?>
<!-- Generated by org.testng.reporters.JUnitReportReporter -->
<testsuite hostname="DESKTOP-6EBSEMA" failures="0" tests="2" name="chooseBrowser.gtm_Registration1" time="7.960" errors="0" timestamp="2024-06-10T15:46:21 EDT" skipped="0">
  <testcase classname="chooseBrowser.gtm_Registration1" name="gtm_Registration11" time="6.538"/>
  <system-out/>
  <testcase classname="chooseBrowser.gtm_Registration1" name="common" time="1.422"/>
  <system-out/>
</testsuite> <!-- chooseBrowser.gtm_Registration1 -->
