<?xml version="1.0" encoding="UTF-8"?>
<!-- Generated by org.testng.reporters.JUnitReportReporter -->
<testsuite hostname="DESKTOP-6EBSEMA" failures="0" tests="2" name="chooseBrowser.HTML_Page1" time="2.830" errors="0" timestamp="2024-06-10T15:46:21 EDT" skipped="0">
  <testcase classname="chooseBrowser.HTML_Page1" name="common" time="1.452"/>
  <system-out/>
  <testcase classname="chooseBrowser.HTML_Page1" name="HTML_Page11" time="1.378"/>
  <system-out/>
</testsuite> <!-- chooseBrowser.HTML_Page1 -->
