<?xml version="1.0" encoding="UTF-8"?>
<!-- Generated by org.testng.reporters.JUnitReportReporter -->
<testsuite hostname="DESKTOP-6EBSEMA" failures="0" tests="5" name="assertion.Megha_Code" time="84.792" errors="0" timestamp="2024-05-13T12:25:36 EDT" skipped="0">
  <testcase classname="assertion.Megha_Code" name="Registrations" time="18.618"/>
  <testcase classname="assertion.Megha_Code" name="Registrations" time="16.631"/>
  <testcase classname="assertion.Megha_Code" name="Registrations" time="16.382"/>
  <testcase classname="assertion.Megha_Code" name="Registrations" time="16.471"/>
  <testcase classname="assertion.Megha_Code" name="Registrations" time="16.690"/>
</testsuite> <!-- assertion.Megha_Code -->
