<?xml version="1.0" encoding="UTF-8"?>
<!-- Generated by org.testng.reporters.JUnitReportReporter -->
<testsuite hostname="DESKTOP-6EBSEMA" failures="0" tests="3" name="testNGPrograms.Case6" time="0.024" errors="0" timestamp="2024-05-05T07:15:41 EDT" skipped="0">
  <testcase classname="testNGPrograms.Case6" name="testmain2" time="0.002"/>
  <testcase classname="testNGPrograms.Case6" name="testmain1" time="0.010"/>
  <testcase classname="testNGPrograms.Case6" name="testmain3" time="0.012"/>
</testsuite> <!-- testNGPrograms.Case6 -->
