<?xml version="1.0" encoding="UTF-8"?>
<!-- Generated by org.testng.reporters.JUnitReportReporter -->
<testsuite hostname="DESKTOP-6EBSEMA" failures="0" tests="1" name="testNGPrograms.Different_Annotations" time="0.010" errors="0" timestamp="2024-05-05T06:50:08 EDT" skipped="0">
  <testcase classname="testNGPrograms.Different_Annotations" name="Test" time="0.010"/>
</testsuite> <!-- testNGPrograms.Different_Annotations -->
